#
# A fatal error has been detected by the Java Runtime Environment:
#
#  Internal Error (javaClasses.cpp:136), pid=7892, tid=7152
#  fatal error: Invalid layout of preloaded class
#
# JRE version:  (7.0_45-b18) (build )
# Java VM: Java HotSpot(TM) 64-Bit Server VM (24.45-b08 mixed mode windows-amd64 compressed oops)
# Failed to write core dump. Minidumps are not enabled by default on client versions of Windows
#
# If you would like to submit a bug report, please visit:
#   http://bugreport.sun.com/bugreport/crash.jsp
#

---------------  T H R E A D  ---------------

Current thread (0x000000000226e000):  JavaThread "Unknown thread" [_thread_in_vm, id=7152, stack(0x00000000023b0000,0x00000000024b0000)]

Stack: [0x00000000023b0000,0x00000000024b0000]

---------------  P R O C E S S  ---------------

Java Threads: ( => current thread )

Other Threads:

=>0x000000000226e000 (exited) JavaThread "Unknown thread" [_thread_in_vm, id=7152, stack(0x00000000023b0000,0x00000000024b0000)]

VM state:not at safepoint (not fully initialized)

VM Mutex/Monitor currently owned by a thread: None

GC Heap History (0 events):
No events

Deoptimization events (0 events):
No events

Internal exceptions (0 events):
No events

Events (10 events):
Event: 0.010 loading class 0x000000000215c400 done
Event: 0.010 loading class 0x000000000215be20 done
Event: 0.010 loading class 0x000000000215be00
Event: 0.010 loading class 0x0000000002163f00
Event: 0.010 loading class 0x0000000002163f00 done
Event: 0.010 loading class 0x0000000002163f30
Event: 0.010 loading class 0x0000000002163f30 done
Event: 0.010 loading class 0x0000000002163f60
Event: 0.010 loading class 0x0000000002163f60 done
Event: 0.010 loading class 0x000000000215be00 done


Dynamic libraries:
0x000000013fb50000 - 0x000000013fb83000 	C:\Program Files\Java\jre7\bin\javaw.exe
0x0000000077130000 - 0x00000000772d9000 	C:\Windows\SYSTEM32\ntdll.dll
0x0000000077010000 - 0x000000007712f000 	C:\Windows\system32\kernel32.dll
0x000007fefd270000 - 0x000007fefd2dc000 	C:\Windows\system32\KERNELBASE.dll
0x000007fefd360000 - 0x000007fefd43b000 	C:\Windows\system32\ADVAPI32.dll
0x000007fefd6c0000 - 0x000007fefd75f000 	C:\Windows\system32\msvcrt.dll
0x000007fefe220000 - 0x000007fefe23f000 	C:\Windows\SYSTEM32\sechost.dll
0x000007fefe420000 - 0x000007fefe54d000 	C:\Windows\system32\RPCRT4.dll
0x0000000076f10000 - 0x000000007700a000 	C:\Windows\system32\USER32.dll
0x000007fefe550000 - 0x000007fefe5b7000 	C:\Windows\system32\GDI32.dll
0x000007feff350000 - 0x000007feff35e000 	C:\Windows\system32\LPK.dll
0x000007fefd960000 - 0x000007fefda29000 	C:\Windows\system32\USP10.dll
0x000007fefa7e0000 - 0x000007fefa9d4000 	C:\Windows\WinSxS\amd64_microsoft.windows.common-controls_6595b64144ccf1df_6.0.7601.17514_none_fa396087175ac9ac\COMCTL32.dll
0x000007fefd4c0000 - 0x000007fefd531000 	C:\Windows\system32\SHLWAPI.dll
0x000007fefd320000 - 0x000007fefd34e000 	C:\Windows\system32\IMM32.DLL
0x000007fefd7b0000 - 0x000007fefd8b9000 	C:\Windows\system32\MSCTF.dll
0x0000000072b00000 - 0x0000000072bd2000 	C:\Program Files\Java\jre7\bin\msvcr100.dll
0x0000000062f40000 - 0x0000000063709000 	C:\Program Files\Java\jre7\bin\server\jvm.dll
0x000007feef670000 - 0x000007feef679000 	C:\Windows\system32\WSOCK32.dll
0x000007fefd760000 - 0x000007fefd7ad000 	C:\Windows\system32\WS2_32.dll
0x000007fefd350000 - 0x000007fefd358000 	C:\Windows\system32\NSI.dll
0x000007fef3620000 - 0x000007fef365b000 	C:\Windows\system32\WINMM.dll
0x00000000772f0000 - 0x00000000772f7000 	C:\Windows\system32\PSAPI.DLL
0x0000000073b90000 - 0x0000000073b9f000 	C:\Program Files\Java\jre7\bin\verify.dll
0x0000000073b60000 - 0x0000000073b88000 	C:\Program Files\Java\jre7\bin\java.dll
0x0000000073b10000 - 0x0000000073b25000 	C:\Program Files\Java\jre7\bin\zip.dll

VM Arguments:
jvm_args: -Dfile.encoding=Cp1252 -Xbootclasspath:C:\Users\Jswan\Desktop\adt-bundle-windows-x86_64-20131030\sdk\platforms\android-19\android.jar 
java_command: com.example.angelsanddemons.MainGame
Launcher Type: SUN_STANDARD

Environment Variables:
PATH=C:\Program Files\Common Files\Microsoft Shared\Windows Live;C:\Program Files (x86)\Common Files\Microsoft Shared\Windows Live;C:\Windows\system32;C:\Windows;C:\Windows\System32\Wbem;C:\Windows\System32\WindowsPowerShell\v1.0\;C:\Program Files (x86)\Common Files\Lenovo;C:\Program Files (x86)\Common Files\Ulead Systems\MPEG;C:\Program Files (x86)\Windows Live\Shared;C:\SWTOOLS\ReadyApps;C:\Program Files (x86)\Intel\Services\IPT\;C:\Program Files (x86)\Symantec\VIP Access Client\
USERNAME=Jswan
OS=Windows_NT
PROCESSOR_IDENTIFIER=Intel64 Family 6 Model 42 Stepping 7, GenuineIntel



---------------  S Y S T E M  ---------------

OS: Windows 7 , 64 bit Build 7601 Service Pack 1

CPU:total 4 (2 cores per cpu, 2 threads per core) family 6 model 42 stepping 7, cmov, cx8, fxsr, mmx, sse, sse2, sse3, ssse3, sse4.1, sse4.2, popcnt, avx, aes, ht, tsc, tscinvbit

Memory: 4k page, physical 4078832k(1014760k free), swap 8155800k(3684692k free)

vm_info: Java HotSpot(TM) 64-Bit Server VM (24.45-b08) for windows-amd64 JRE (1.7.0_45-b18), built on Oct  8 2013 05:47:22 by "java_re" with unknown MS VC++:1600

time: Sat May 17 08:51:43 2014
elapsed time: 0 seconds

